Rebuild target 'SC95F8617B_8616B_BW1_R_NEWFORM0'
assembling STARTUP.A51...
compiling main.c...
compiling IAP.c...
compiling Serial.c...
compiling Timer.c...
compiling Watchdog.c...
compiling S_TouchKeyCFG.C...
compiling LedRam.c...
compiling EepromDrv.c...
compiling SerialDrv.c...
compiling SystemDrv.c...
compiling SystemInit.c...
compiling TimerDrv.c...
compiling WatchdogDrv.c...
compiling TKDrv.C...
compiling LedRamDrv.c...
compiling Initialization.c...
compiling TicketHandling.c...
compiling PowerLostMemory.c...
compiling IapAddrDevice.c...
compiling TK.c...
compiling Power.c...
compiling Light.c...
compiling Display.c...
compiling Key.c...
compiling Work.c...
compiling Error.c...
compiling Save.c...
linking...
Program Size: data=28.6 xdata=2155 const=132 code=29312
creating hex file from ".\Objects\SC95F8617B_8616B_BW1_R_NEWFORM0"...
".\Objects\SC95F8617B_8616B_BW1_R_NEWFORM0" - 0 Error(s), 0 Warning(s).
