Rebuild target 'Target 1'
assembling STARTUP.A51...
compiling Ad.c...
compiling Gpio.c...
compiling PWM.c...
compiling Serial.c...
compiling Timer.c...
compiling Watchdog.c...
compiling AdDrv.c...
compiling GpioDrv.c...
compiling PclBuzDrv.c...
compiling SerialDrv.c...
compiling SystemDrv.c...
compiling SystemInit.c...
compiling TimerDrv.c...
compiling WatchdogDrv.c...
compiling main.c...
compiling Buzzer.c...
compiling WashDish.c...
compiling LoadDrive.c...
compiling ReadSwitch.c...
compiling Initialization.c...
compiling Temperatures.c...
compiling TicketHandling.c...
linking...
*** WARNING L57: UNCALLED FUNCTION, IGNORED FOR OVERLAY PROCESS
    NAME:    AD_COMPARATOROFF/AD

*** WARNING L57: UNCALLED FUNCTION, IGNORED FOR OVERLAY PROCESS
    NAME:    _UART_HARDWARE_STOP/SERIAL

*** WARNING L57: UNCALLED FUNCTION, IGNORED FOR OVERLAY PROCESS
    NAME:    _REALLOCATEPIN/GPIODRV

*** WARNING L57: UNCALLED FUNCTION, IGNORED FOR OVERLAY PROCESS
    NAME:    _STOPTIMER/TIMERDRV

*** WARNING L57: UNCALLED FUNCTION, IGNORED FOR OVERLAY PROCESS
    NAME:    _SLEEP/TIMERDRV

*** WARNING L57: UNCALLED FUNCTION, IGNORED FOR OVERLAY PROCESS
    NAME:    DELAY/TIMERDRV

Program Size: data=9.0 xdata=263 const=210 code=8782
creating hex file from ".\Objects\SC92F8463B_BW1_P"...
".\Objects\SC92F8463B_BW1_P" - 0 Error(s), 6 Warning(s).
